<?xml version="1.0" encoding="UTF-8"?>
<testsuite xmlns:xsi="http://www.w3.org/2001/XMLSchema-instance" xsi:noNamespaceSchemaLocation="https://maven.apache.org/surefire/maven-surefire-plugin/xsd/surefire-test-report.xsd" version="3.0.1" name="TestSuite" time="17.789" tests="4" errors="0" skipped="0" failures="0">
  <properties>
[...]
</properties>
  <testcase name="runScenario[&quot;Navigating to forgotten password page&quot;, &quot;Login Functionality for Opencart website&quot;](1)" classname="runner.TestRunner" time="13.585">
    <system-out><![CDATA[...
... TestNG 7.10.2 by Cédric Beust (cedric@beust.com)
...


Scenario Outline: Unsuccessful login with invalid or empty credentials                 # src/test/resources/features/loginpage.feature:20

Scenario Outline: Unsuccessful login with invalid or empty credentials                # src/test/resources/features/loginpage.feature:21

Scenario: Successful login with valid credentials    # src/test/resources/features/loginpage.feature:8

Scenario: Navigating to forgotten password page    # src/test/resources/features/loginpage.feature:23
  Given I am on OpenCart login page                # org.example.stepdefs.LoginPageStepDef.i_am_on_open_cart_login_page()
  Given I am on OpenCart login page                                                    # org.example.stepdefs.LoginPageStepDef.i_am_on_open_cart_login_page()
  Given I have entered invalid "invalid@gmail.com" and "invalidtest"                   # org.example.stepdefs.LoginPageStepDef.i_have_entered_invalid_and(java.lang.String,java.lang.String)
  Given I am on OpenCart login page                                                   # org.example.stepdefs.LoginPageStepDef.i_am_on_open_cart_login_page()
  When I click on "<Forgotten Password>" link      # org.example.stepdefs.LoginPageStepDef.i_click_on_link(java.lang.String)
  Then I should be redirected to the password page # org.example.stepdefs.LoginPageStepDef.i_should_be_redirected_to_the_password_page()
  Given I am on OpenCart login page                  # org.example.stepdefs.LoginPageStepDef.i_am_on_open_cart_login_page()
  When I click on the login button                                                     # org.example.stepdefs.LoginPageStepDef.i_click_on_the_login_button()
  Given I have entered invalid "" and "test"                                          # org.example.stepdefs.LoginPageStepDef.i_have_entered_invalid_and(java.lang.String,java.lang.String)
  Then I should see an error message indicating "Warning: Wrong username and password" # org.example.stepdefs.LoginPageStepDef.i_should_see_an_error_message_indicating(java.lang.String)
]]></system-out>
    <system-err><![CDATA[SLF4J: Failed to load class "org.slf4j.impl.StaticLoggerBinder".
SLF4J: Defaulting to no-operation (NOP) logger implementation
SLF4J: See http://www.slf4j.org/codes.html#StaticLoggerBinder for further details.
Jun 19, 2024 10:02:18 AM org.openqa.selenium.devtools.CdpVersionFinder findNearestMatch
WARNING: Unable to find an exact match for CDP version 126, returning the closest version; found: 124; Please update to a Selenium version that supports CDP version 126
Jun 19, 2024 10:02:18 AM org.openqa.selenium.devtools.CdpVersionFinder findNearestMatch
WARNING: Unable to find an exact match for CDP version 126, returning the closest version; found: 124; Please update to a Selenium version that supports CDP version 126
Jun 19, 2024 10:02:19 AM org.openqa.selenium.devtools.CdpVersionFinder findNearestMatch
WARNING: Unable to find an exact match for CDP version 126, returning the closest version; found: 124; Please update to a Selenium version that supports CDP version 126
Jun 19, 2024 10:02:20 AM org.openqa.selenium.devtools.CdpVersionFinder findNearestMatch
WARNING: Unable to find an exact match for CDP version 126, returning the closest version; found: 124; Please update to a Selenium version that supports CDP version 126
]]></system-err>
  </testcase>
  <testcase name="runScenario[&quot;Unsuccessful login with invalid or empty credentials&quot;, &quot;Login Functionality for Opencart website&quot;](2)" classname="runner.TestRunner" time="13.76">
    <system-out><![CDATA[  Given I have entered a valid username and password # org.example.stepdefs.LoginPageStepDef.i_have_entered_a_valid_username_and_password()
]]></system-out>
  </testcase>
  <testcase name="runScenario[&quot;Unsuccessful login with invalid or empty credentials&quot;, &quot;Login Functionality for Opencart website&quot;](3)" classname="runner.TestRunner" time="14.025">
    <system-out><![CDATA[  When I click on the login button                                                    # org.example.stepdefs.LoginPageStepDef.i_click_on_the_login_button()
  Then I should see an error message indicating "Warning: empty username or password" # org.example.stepdefs.LoginPageStepDef.i_should_see_an_error_message_indicating(java.lang.String)
]]></system-out>
  </testcase>
  <testcase name="runScenario[&quot;Successful login with valid credentials&quot;, &quot;Login Functionality for Opencart website&quot;](4)" classname="runner.TestRunner" time="14.493">
    <system-out><![CDATA[  When I click on the login button                   # org.example.stepdefs.LoginPageStepDef.i_click_on_the_login_button()
  Then I should be logged in successfully            # org.example.stepdefs.LoginPageStepDef.i_should_be_logged_in_successfully()
]]></system-out>
  </testcase>
</testsuite>